\BOOKMARK [0][-]{chapter*.1}{摘  要}{}% 1
\BOOKMARK [0][-]{chapter*.2}{Abstract}{}% 2
\BOOKMARK [0][-]{chapter*.3}{目  录}{}% 3
\BOOKMARK [0][-]{chapter.1}{第1章  引言}{}% 4
\BOOKMARK [1][-]{section.1.1}{1.1 复杂网络的研究背景及意义}{chapter.1}% 5
\BOOKMARK [1][-]{section.1.2}{1.2 复杂网络同步控制及其研究现状}{chapter.1}% 6
\BOOKMARK [1][-]{section.1.3}{1.3 本文的主要工作及创新点}{chapter.1}% 7
\BOOKMARK [0][-]{chapter.2}{第2章  预备知识}{}% 8
\BOOKMARK [1][-]{section.2.1}{2.1 复杂网络的理论和模型}{chapter.2}% 9
\BOOKMARK [1][-]{section.2.2}{2.2 随机过程理论}{chapter.2}% 10
\BOOKMARK [1][-]{section.2.3}{2.3 相关定义、引理}{chapter.2}% 11
\BOOKMARK [0][-]{chapter.3}{第3章  分散式事件激发采样下带马氏切换的非线性随机耦合网络同步问题}{}% 12
\BOOKMARK [1][-]{section.3.1}{3.1 分散式事件激发采样的网络模型}{chapter.3}% 13
\BOOKMARK [1][-]{section.3.2}{3.2 分散式事件激发采样的复杂网络同步分析}{chapter.3}% 14
\BOOKMARK [2][-]{subsection.3.2.1}{3.2.1 连续监控激发规则}{section.3.2}% 15
\BOOKMARK [2][-]{subsection.3.2.2}{3.2.2 离散监控激发规则}{section.3.2}% 16
\BOOKMARK [1][-]{section.3.3}{3.3 数值模拟}{chapter.3}% 17
\BOOKMARK [1][-]{section.3.4}{3.4 小结}{chapter.3}% 18
\BOOKMARK [0][-]{chapter.4}{第4章  集中式事件激发采样下带部分未知转移率和时滞的复杂网络同步问题}{}% 19
\BOOKMARK [1][-]{section.4.1}{4.1 集中式事件激发采样的网络模型}{chapter.4}% 20
\BOOKMARK [1][-]{section.4.2}{4.2 基于集中式事件激发采样的复杂网络同步分析}{chapter.4}% 21
\BOOKMARK [2][-]{subsection.4.2.1}{4.2.1 网络的同步判据}{section.4.2}% 22
\BOOKMARK [2][-]{subsection.4.2.2}{4.2.2 事件激发时刻间隔的下界}{section.4.2}% 23
\BOOKMARK [1][-]{section.4.3}{4.3 数值模拟}{chapter.4}% 24
\BOOKMARK [1][-]{section.4.4}{4.4 小结}{chapter.4}% 25
\BOOKMARK [0][-]{chapter.5}{第5章  基于事件激发采样带部分未知转移率和布朗运动的复杂网络同步问题}{}% 26
\BOOKMARK [1][-]{section.5.1}{5.1 集中式事件激发采样控制策略}{chapter.5}% 27
\BOOKMARK [2][-]{subsection.5.1.1}{5.1.1 集中式事件激发采样带布朗运动的网络模型}{section.5.1}% 28
\BOOKMARK [2][-]{subsection.5.1.2}{5.1.2 同步分析}{section.5.1}% 29
\BOOKMARK [1][-]{section.5.2}{5.2 分散式事件激发采样控制策略}{chapter.5}% 30
\BOOKMARK [2][-]{subsection.5.2.1}{5.2.1 分散式事件激发采样带布朗运动的网络模型}{section.5.2}% 31
\BOOKMARK [2][-]{subsection.5.2.2}{5.2.2 同步分析}{section.5.2}% 32
\BOOKMARK [1][-]{section.5.3}{5.3 数值模拟}{chapter.5}% 33
\BOOKMARK [1][-]{section.5.4}{5.4 小结}{chapter.5}% 34
\BOOKMARK [0][-]{chapter.6}{第6章  总结与展望}{}% 35
\BOOKMARK [0][-]{chapter*.25}{参  考  文  献}{}% 36
\BOOKMARK [0][-]{chapter*.26}{致  谢}{}% 37
\BOOKMARK [0][-]{chapter*.27}{攻读硕士学位期间的研究成果}{}% 38
